<?xml version="1.0" encoding="UTF-8"?>
<!-- Generated by org.testng.reporters.JUnitReportReporter -->
<testsuite hostname="DESKTOP-5966DD6" failures="0" tests="1" name="loginTests.Successfull_login_test" time="10.534" errors="0" timestamp="2024-09-11T13:50:33 IST" skipped="0">
  <testcase classname="loginTests.Successfull_login_test" name="loginWithCredential" time="10.534"/>
</testsuite> <!-- loginTests.Successfull_login_test -->
